<?xml version="1.0" encoding="UTF-8"?>
<!-- Generated by org.testng.reporters.JUnitXMLReporter -->
<testsuite ignored="3" hostname="RahulPersonal" failures="0" tests="1" name="Default test" time="3.313" errors="0" timestamp="2024-04-19T23:36:04 IST">
  <testcase classname="automationdemopack.APITesting" name="testSinglePageResponse" time="3.248"/>
  <testcase classname="automationdemopack.APITesting" name="testCreateUser" time="0.0">
    <ignored/>
  </testcase> <!-- testCreateUser -->
  <testcase classname="automationdemopack.APITesting" name="testSingleUser" time="0.0">
    <ignored/>
  </testcase> <!-- testSingleUser -->
  <testcase classname="automationdemopack.APITesting" name="testSingleUserNotFound" time="0.0">
    <ignored/>
  </testcase> <!-- testSingleUserNotFound -->
</testsuite> <!-- Default test -->
