<?xml version="1.0" encoding="UTF-8"?>
<testng-results ignored="0" total="1" passed="1" failed="0" skipped="0">
  <reporter-output>
  </reporter-output>
  <suite started-at="2024-04-20T16:49:54 IST" name="AutomationDemo" finished-at="2024-04-20T16:50:29 IST" duration-ms="35329">
    <groups>
    </groups>
    <test started-at="2024-04-20T16:49:54 IST" name="chrome" finished-at="2024-04-20T16:50:29 IST" duration-ms="35329">
      <class name="automationdemopack.RegisterTest">
        <test-method is-config="true" signature="startup(java.lang.String)[pri:0, instance:automationdemopack.RegisterTest@36fc695d]" started-at="2024-04-20T16:49:54 IST" name="startup" finished-at="2024-04-20T16:50:23 IST" duration-ms="29151" status="PASS">
          <params>
            <param index="0">
              <value>
                <![CDATA[chrome]]>
              </value>
            </param>
          </params>
          <reporter-output>
          </reporter-output>
        </test-method> <!-- startup -->
        <test-method signature="testRegiterFunctionality()[pri:0, instance:automationdemopack.RegisterTest@36fc695d]" started-at="2024-04-20T16:50:23 IST" name="testRegiterFunctionality" finished-at="2024-04-20T16:50:24 IST" duration-ms="930" status="PASS">
          <reporter-output>
          </reporter-output>
        </test-method> <!-- testRegiterFunctionality -->
        <test-method is-config="true" signature="teardown()[pri:0, instance:automationdemopack.RegisterTest@36fc695d]" started-at="2024-04-20T16:50:24 IST" name="teardown" finished-at="2024-04-20T16:50:29 IST" duration-ms="5206" status="PASS">
          <reporter-output>
          </reporter-output>
        </test-method> <!-- teardown -->
      </class> <!-- automationdemopack.RegisterTest -->
    </test> <!-- chrome -->
  </suite> <!-- AutomationDemo -->
</testng-results>
