<?xml version="1.0" encoding="UTF-8"?>
<testng-results ignored="0" total="1" passed="1" failed="0" skipped="0">
  <reporter-output>
  </reporter-output>
  <suite started-at="2024-04-19T23:36:01 IST" name="Default suite" finished-at="2024-04-19T23:36:04 IST" duration-ms="3313">
    <groups>
    </groups>
    <test started-at="2024-04-19T23:36:01 IST" name="Default test" finished-at="2024-04-19T23:36:04 IST" duration-ms="3313">
      <class name="automationdemopack.APITesting">
        <test-method signature="testSinglePageResponse()[pri:0, instance:automationdemopack.APITesting@4802796d]" started-at="2024-04-19T23:36:01 IST" name="testSinglePageResponse" finished-at="2024-04-19T23:36:04 IST" duration-ms="3248" status="PASS">
          <reporter-output>
          </reporter-output>
        </test-method> <!-- testSinglePageResponse -->
      </class> <!-- automationdemopack.APITesting -->
    </test> <!-- Default test -->
  </suite> <!-- Default suite -->
</testng-results>
